Analysis & Synthesis report for pratica2
Fri Apr 20 14:58:18 2018
Quartus II 32-bit Version 13.0.1 Build 232 06/12/2013 Service Pack 1 SJ Web Edition


---------------------
; Table of Contents ;
---------------------
  1. Legal Notice
  2. Analysis & Synthesis Summary
  3. Analysis & Synthesis Settings
  4. Parallel Compilation
  5. Analysis & Synthesis Messages
  6. Analysis & Synthesis Suppressed Messages



----------------
; Legal Notice ;
----------------
Copyright (C) 1991-2013 Altera Corporation
Your use of Altera Corporation's design tools, logic functions 
and other software and tools, and its AMPP partner logic 
functions, and any output files from any of the foregoing 
(including device programming or simulation files), and any 
associated documentation or information are expressly subject 
to the terms and conditions of the Altera Program License 
Subscription Agreement, Altera MegaCore Function License 
Agreement, or other applicable license agreement, including, 
without limitation, that your use is for the sole purpose of 
programming logic devices manufactured by Altera and sold by 
Altera or its authorized distributors.  Please refer to the 
applicable agreement for further details.



+--------------------------------------------------------------------------------------+
; Analysis & Synthesis Summary                                                         ;
+------------------------------------+-------------------------------------------------+
; Analysis & Synthesis Status        ; Failed - Fri Apr 20 14:58:18 2018               ;
; Quartus II 32-bit Version          ; 13.0.1 Build 232 06/12/2013 SP 1 SJ Web Edition ;
; Revision Name                      ; pratica2                                        ;
; Top-level Entity Name              ; pratica2                                        ;
; Family                             ; Cyclone II                                      ;
; Total logic elements               ; N/A until Partition Merge                       ;
;     Total combinational functions  ; N/A until Partition Merge                       ;
;     Dedicated logic registers      ; N/A until Partition Merge                       ;
; Total registers                    ; N/A until Partition Merge                       ;
; Total pins                         ; N/A until Partition Merge                       ;
; Total virtual pins                 ; N/A until Partition Merge                       ;
; Total memory bits                  ; N/A until Partition Merge                       ;
; Embedded Multiplier 9-bit elements ; N/A until Partition Merge                       ;
; Total PLLs                         ; N/A until Partition Merge                       ;
+------------------------------------+-------------------------------------------------+


+----------------------------------------------------------------------------------------------------------------------+
; Analysis & Synthesis Settings                                                                                        ;
+----------------------------------------------------------------------------+--------------------+--------------------+
; Option                                                                     ; Setting            ; Default Value      ;
+----------------------------------------------------------------------------+--------------------+--------------------+
; Device                                                                     ; EP2C35F672C6       ;                    ;
; Top-level entity name                                                      ; pratica2           ; pratica2           ;
; Family name                                                                ; Cyclone II         ; Cyclone IV GX      ;
; Use smart compilation                                                      ; Off                ; Off                ;
; Enable parallel Assembler and TimeQuest Timing Analyzer during compilation ; On                 ; On                 ;
; Enable compact report table                                                ; Off                ; Off                ;
; Restructure Multiplexers                                                   ; Auto               ; Auto               ;
; Create Debugging Nodes for IP Cores                                        ; Off                ; Off                ;
; Preserve fewer node names                                                  ; On                 ; On                 ;
; Disable OpenCore Plus hardware evaluation                                  ; Off                ; Off                ;
; Verilog Version                                                            ; Verilog_2001       ; Verilog_2001       ;
; VHDL Version                                                               ; VHDL_1993          ; VHDL_1993          ;
; State Machine Processing                                                   ; Auto               ; Auto               ;
; Safe State Machine                                                         ; Off                ; Off                ;
; Extract Verilog State Machines                                             ; On                 ; On                 ;
; Extract VHDL State Machines                                                ; On                 ; On                 ;
; Ignore Verilog initial constructs                                          ; Off                ; Off                ;
; Iteration limit for constant Verilog loops                                 ; 5000               ; 5000               ;
; Iteration limit for non-constant Verilog loops                             ; 250                ; 250                ;
; Add Pass-Through Logic to Inferred RAMs                                    ; On                 ; On                 ;
; Infer RAMs from Raw Logic                                                  ; On                 ; On                 ;
; Parallel Synthesis                                                         ; On                 ; On                 ;
; DSP Block Balancing                                                        ; Auto               ; Auto               ;
; NOT Gate Push-Back                                                         ; On                 ; On                 ;
; Power-Up Don't Care                                                        ; On                 ; On                 ;
; Remove Redundant Logic Cells                                               ; Off                ; Off                ;
; Remove Duplicate Registers                                                 ; On                 ; On                 ;
; Ignore CARRY Buffers                                                       ; Off                ; Off                ;
; Ignore CASCADE Buffers                                                     ; Off                ; Off                ;
; Ignore GLOBAL Buffers                                                      ; Off                ; Off                ;
; Ignore ROW GLOBAL Buffers                                                  ; Off                ; Off                ;
; Ignore LCELL Buffers                                                       ; Off                ; Off                ;
; Ignore SOFT Buffers                                                        ; On                 ; On                 ;
; Limit AHDL Integers to 32 Bits                                             ; Off                ; Off                ;
; Optimization Technique                                                     ; Balanced           ; Balanced           ;
; Carry Chain Length                                                         ; 70                 ; 70                 ;
; Auto Carry Chains                                                          ; On                 ; On                 ;
; Auto Open-Drain Pins                                                       ; On                 ; On                 ;
; Perform WYSIWYG Primitive Resynthesis                                      ; Off                ; Off                ;
; Auto ROM Replacement                                                       ; On                 ; On                 ;
; Auto RAM Replacement                                                       ; On                 ; On                 ;
; Auto Shift Register Replacement                                            ; Auto               ; Auto               ;
; Allow Shift Register Merging across Hierarchies                            ; Auto               ; Auto               ;
; Auto Clock Enable Replacement                                              ; On                 ; On                 ;
; Strict RAM Replacement                                                     ; Off                ; Off                ;
; Allow Synchronous Control Signals                                          ; On                 ; On                 ;
; Force Use of Synchronous Clear Signals                                     ; Off                ; Off                ;
; Auto RAM to Logic Cell Conversion                                          ; Off                ; Off                ;
; Auto Resource Sharing                                                      ; Off                ; Off                ;
; Allow Any RAM Size For Recognition                                         ; Off                ; Off                ;
; Allow Any ROM Size For Recognition                                         ; Off                ; Off                ;
; Allow Any Shift Register Size For Recognition                              ; Off                ; Off                ;
; Use LogicLock Constraints during Resource Balancing                        ; On                 ; On                 ;
; Ignore translate_off and synthesis_off directives                          ; Off                ; Off                ;
; Timing-Driven Synthesis                                                    ; Off                ; Off                ;
; Report Parameter Settings                                                  ; On                 ; On                 ;
; Report Source Assignments                                                  ; On                 ; On                 ;
; Report Connectivity Checks                                                 ; On                 ; On                 ;
; Ignore Maximum Fan-Out Assignments                                         ; Off                ; Off                ;
; Synchronization Register Chain Length                                      ; 2                  ; 2                  ;
; PowerPlay Power Optimization                                               ; Normal compilation ; Normal compilation ;
; HDL message level                                                          ; Level2             ; Level2             ;
; Suppress Register Optimization Related Messages                            ; Off                ; Off                ;
; Number of Removed Registers Reported in Synthesis Report                   ; 5000               ; 5000               ;
; Number of Swept Nodes Reported in Synthesis Report                         ; 5000               ; 5000               ;
; Number of Inverted Registers Reported in Synthesis Report                  ; 100                ; 100                ;
; Clock MUX Protection                                                       ; On                 ; On                 ;
; Auto Gated Clock Conversion                                                ; Off                ; Off                ;
; Block Design Naming                                                        ; Auto               ; Auto               ;
; SDC constraint protection                                                  ; Off                ; Off                ;
; Synthesis Effort                                                           ; Auto               ; Auto               ;
; Shift Register Replacement - Allow Asynchronous Clear Signal               ; On                 ; On                 ;
; Pre-Mapping Resynthesis Optimization                                       ; Off                ; Off                ;
; Analysis & Synthesis Message Level                                         ; Medium             ; Medium             ;
; Disable Register Merging Across Hierarchies                                ; Auto               ; Auto               ;
; Resource Aware Inference For Block RAM                                     ; On                 ; On                 ;
; Synthesis Seed                                                             ; 1                  ; 1                  ;
+----------------------------------------------------------------------------+--------------------+--------------------+


Parallel compilation was disabled, but you have multiple processors available. Enable parallel compilation to reduce compilation time.
+-------------------------------------+
; Parallel Compilation                ;
+----------------------------+--------+
; Processors                 ; Number ;
+----------------------------+--------+
; Number detected on machine ; 4      ;
; Maximum allowed            ; 1      ;
+----------------------------+--------+


+-------------------------------+
; Analysis & Synthesis Messages ;
+-------------------------------+
Info: *******************************************************************
Info: Running Quartus II 32-bit Analysis & Synthesis
    Info: Version 13.0.1 Build 232 06/12/2013 Service Pack 1 SJ Web Edition
    Info: Processing started: Fri Apr 20 14:58:17 2018
Info: Command: quartus_map --read_settings_files=on --write_settings_files=off pratica2 -c pratica2
Warning (20028): Parallel compilation is not licensed and has been disabled
Info (12021): Found 1 design units, including 1 entities, in source file memory.v
    Info (12023): Found entity 1: memory
Info (12021): Found 1 design units, including 1 entities, in source file pratica2.v
    Info (12023): Found entity 1: pratica21
Warning (12090): Entity "mux" obtained from "processor.v" instead of from Quartus II megafunction library
Info (12021): Found 6 design units, including 6 entities, in source file processor.v
    Info (12023): Found entity 1: processor
    Info (12023): Found entity 2: upcount
    Info (12023): Found entity 3: dec3to8
    Info (12023): Found entity 4: regn
    Info (12023): Found entity 5: Ula
    Info (12023): Found entity 6: mux
Warning (10236): Verilog HDL Implicit Net warning at pratica2.v(27): created implicit net for "Done"
Warning (10236): Verilog HDL Implicit Net warning at processor.v(11): created implicit net for "IRin"
Warning (10236): Verilog HDL Implicit Net warning at processor.v(13): created implicit net for "Tstep_Q"
Warning (10236): Verilog HDL Implicit Net warning at processor.v(15): created implicit net for "I"
Warning (10236): Verilog HDL Implicit Net warning at processor.v(17): created implicit net for "Xreg"
Warning (10236): Verilog HDL Implicit Net warning at processor.v(18): created implicit net for "Yreg"
Warning (10236): Verilog HDL Implicit Net warning at processor.v(41): created implicit net for "R0"
Warning (10236): Verilog HDL Implicit Net warning at processor.v(42): created implicit net for "R1"
Warning (10236): Verilog HDL Implicit Net warning at processor.v(43): created implicit net for "R2"
Warning (10236): Verilog HDL Implicit Net warning at processor.v(44): created implicit net for "R3"
Warning (10236): Verilog HDL Implicit Net warning at processor.v(45): created implicit net for "R4"
Warning (10236): Verilog HDL Implicit Net warning at processor.v(46): created implicit net for "R5"
Warning (10236): Verilog HDL Implicit Net warning at processor.v(47): created implicit net for "R6"
Warning (10236): Verilog HDL Implicit Net warning at processor.v(48): created implicit net for "R7"
Warning (10236): Verilog HDL Implicit Net warning at processor.v(50): created implicit net for "Gin"
Warning (10236): Verilog HDL Implicit Net warning at processor.v(50): created implicit net for "G"
Warning (10236): Verilog HDL Implicit Net warning at processor.v(52): created implicit net for "BusWire"
Warning (10236): Verilog HDL Implicit Net warning at processor.v(52): created implicit net for "Ain"
Warning (10236): Verilog HDL Implicit Net warning at processor.v(52): created implicit net for "A"
Error (10137): Verilog HDL Procedural Assignment error at processor.v(26): object "IRin" on left-hand side of assignment must have a variable data type File: C:/Users/Aluno/Downloads/LAOC2-pratica2-master/pratica2/processor.v Line: 26
Error (10161): Verilog HDL error at processor.v(41): object "Rin" is not declared File: C:/Users/Aluno/Downloads/LAOC2-pratica2-master/pratica2/processor.v Line: 41
Error (10161): Verilog HDL error at processor.v(42): object "Rin" is not declared File: C:/Users/Aluno/Downloads/LAOC2-pratica2-master/pratica2/processor.v Line: 42
Error (10161): Verilog HDL error at processor.v(43): object "Rin" is not declared File: C:/Users/Aluno/Downloads/LAOC2-pratica2-master/pratica2/processor.v Line: 43
Error (10161): Verilog HDL error at processor.v(44): object "Rin" is not declared File: C:/Users/Aluno/Downloads/LAOC2-pratica2-master/pratica2/processor.v Line: 44
Error (10161): Verilog HDL error at processor.v(45): object "Rin" is not declared File: C:/Users/Aluno/Downloads/LAOC2-pratica2-master/pratica2/processor.v Line: 45
Error (10161): Verilog HDL error at processor.v(46): object "Rin" is not declared File: C:/Users/Aluno/Downloads/LAOC2-pratica2-master/pratica2/processor.v Line: 46
Error (10161): Verilog HDL error at processor.v(47): object "Rin" is not declared File: C:/Users/Aluno/Downloads/LAOC2-pratica2-master/pratica2/processor.v Line: 47
Error (10161): Verilog HDL error at processor.v(48): object "Rin" is not declared File: C:/Users/Aluno/Downloads/LAOC2-pratica2-master/pratica2/processor.v Line: 48
Info (144001): Generated suppressed messages file C:/Users/Aluno/Downloads/LAOC2-pratica2-master/pratica2/output_files/pratica2.map.smsg
Error: Quartus II 32-bit Analysis & Synthesis was unsuccessful. 9 errors, 21 warnings
    Error: Peak virtual memory: 361 megabytes
    Error: Processing ended: Fri Apr 20 14:58:18 2018
    Error: Elapsed time: 00:00:01
    Error: Total CPU time (on all processors): 00:00:01


+------------------------------------------+
; Analysis & Synthesis Suppressed Messages ;
+------------------------------------------+
The suppressed messages can be found in C:/Users/Aluno/Downloads/LAOC2-pratica2-master/pratica2/output_files/pratica2.map.smsg.


